2020-12-02 14:50:39.422  INFO 14972 --- [main] e.kozlova.CurrencyConverter.Application  : Starting Application using Java 11.0.7 on DESKTOP-NI26ENS with PID 14972 (C:\Users\РїРѕР»СЊР·РѕРІР°С‚РµР»СЊ\IdeaProjects\CurrencyConverter\target\classes started by РїРѕР»СЊР·РѕРІР°С‚РµР»СЊ in C:\Users\РїРѕР»СЊР·РѕРІР°С‚РµР»СЊ\IdeaProjects\CurrencyConverter)
2020-12-02 14:50:39.435  INFO 14972 --- [main] e.kozlova.CurrencyConverter.Application  : No active profile set, falling back to default profiles: default
2020-12-02 14:50:44.139  INFO 14972 --- [main] .s.d.r.c.RepositoryConfigurationDelegate : Bootstrapping Spring Data JPA repositories in DEFERRED mode.
2020-12-02 14:50:44.287  INFO 14972 --- [main] .s.d.r.c.RepositoryConfigurationDelegate : Finished Spring Data repository scanning in 125 ms. Found 2 JPA repository interfaces.
2020-12-02 14:50:46.342  INFO 14972 --- [main] o.s.b.w.embedded.tomcat.TomcatWebServer  : Tomcat initialized with port(s): 8080 (http)
2020-12-02 14:50:46.368  INFO 14972 --- [main] o.apache.catalina.core.StandardService   : Starting service [Tomcat]
2020-12-02 14:50:46.370  INFO 14972 --- [main] org.apache.catalina.core.StandardEngine  : Starting Servlet engine: [Apache Tomcat/9.0.39]
2020-12-02 14:50:46.954  INFO 14972 --- [main] o.a.c.c.C.[Tomcat].[localhost].[/]       : Initializing Spring embedded WebApplicationContext
2020-12-02 14:50:46.955  INFO 14972 --- [main] w.s.c.ServletWebServerApplicationContext : Root WebApplicationContext: initialization completed in 7266 ms
2020-12-02 14:50:47.225  INFO 14972 --- [main] com.zaxxer.hikari.HikariDataSource       : HikariPool-1 - Starting...
2020-12-02 14:50:48.302  INFO 14972 --- [main] com.zaxxer.hikari.HikariDataSource       : HikariPool-1 - Start completed.
2020-12-02 14:50:49.364  INFO 14972 --- [main] o.s.b.a.h2.H2ConsoleAutoConfiguration    : H2 console available at '/h2-console'. Database available at 'jdbc:h2:mem:exchangeDB'
2020-12-02 14:50:50.040  INFO 14972 --- [main] o.s.s.concurrent.ThreadPoolTaskExecutor  : Initializing ExecutorService 'applicationTaskExecutor'
2020-12-02 14:50:50.407  INFO 14972 --- [task-1] o.hibernate.jpa.internal.util.LogHelper  : HHH000204: Processing PersistenceUnitInfo [name: default]
2020-12-02 14:50:50.821  INFO 14972 --- [task-1] org.hibernate.Version                    : HHH000412: Hibernate ORM core version 5.4.23.Final
2020-12-02 14:50:51.788  INFO 14972 --- [task-1] o.hibernate.annotations.common.Version   : HCANN000001: Hibernate Commons Annotations {5.1.2.Final}
2020-12-02 14:50:52.296  INFO 14972 --- [task-1] org.hibernate.dialect.Dialect            : HHH000400: Using dialect: org.hibernate.dialect.H2Dialect
2020-12-02 14:50:54.098  INFO 14972 --- [task-1] o.h.e.t.j.p.i.JtaPlatformInitiator       : HHH000490: Using JtaPlatform implementation: [org.hibernate.engine.transaction.jta.platform.internal.NoJtaPlatform]
2020-12-02 14:50:54.114  INFO 14972 --- [task-1] j.LocalContainerEntityManagerFactoryBean : Initialized JPA EntityManagerFactory for persistence unit 'default'
2020-12-02 14:50:55.178  WARN 14972 --- [main] JpaBaseConfiguration$JpaWebConfiguration : spring.jpa.open-in-view is enabled by default. Therefore, database queries may be performed during view rendering. Explicitly configure spring.jpa.open-in-view to disable this warning
2020-12-02 14:50:57.247  INFO 14972 --- [main] o.s.b.w.embedded.tomcat.TomcatWebServer  : Tomcat started on port(s): 8080 (http) with context path ''
2020-12-02 14:50:58.293  INFO 14972 --- [main] DeferredRepositoryInitializationListener : Triggering deferred initialization of Spring Data repositoriesвЂ¦
2020-12-02 14:50:59.172  INFO 14972 --- [main] DeferredRepositoryInitializationListener : Spring Data repositories initialized!
2020-12-02 14:50:59.199  INFO 14972 --- [main] e.kozlova.CurrencyConverter.Application  : Started Application in 21.315 seconds (JVM running for 24.053)
2020-12-02 14:51:25.984  INFO 14972 --- [http-nio-8080-exec-1] o.a.c.c.C.[Tomcat].[localhost].[/]       : Initializing Spring DispatcherServlet 'dispatcherServlet'
2020-12-02 14:51:25.985  INFO 14972 --- [http-nio-8080-exec-1] o.s.web.servlet.DispatcherServlet        : Initializing Servlet 'dispatcherServlet'
2020-12-02 14:51:25.987  INFO 14972 --- [http-nio-8080-exec-1] o.s.web.servlet.DispatcherServlet        : Completed initialization in 2 ms
2020-12-02 14:51:26.023  WARN 14972 --- [http-nio-8080-exec-1] .w.s.m.s.DefaultHandlerExceptionResolver : Resolved [org.springframework.web.HttpRequestMethodNotSupportedException: Request method 'GET' not supported]
2020-12-02 14:52:12.306  INFO 14972 --- [http-nio-8080-exec-6] e.k.C.controller.ExchangeController      : 
РљРѕРЅРІРµСЂС‚Р°С†РёСЏ РёР· RUB РІ CHF 
 РЎСѓРјРјР°: 1000 
РџРѕР»СЊР·РѕРІР°С‚РµР»СЊ: 2
2020-12-02 14:52:58.187  WARN 14972 --- [http-nio-8080-exec-1] .w.s.m.s.DefaultHandlerExceptionResolver : Resolved [org.springframework.web.HttpRequestMethodNotSupportedException: Request method 'GET' not supported]
2020-12-02 14:54:30.494  WARN 14972 --- [http-nio-8080-exec-5] .w.s.m.s.DefaultHandlerExceptionResolver : Resolved [org.springframework.web.HttpRequestMethodNotSupportedException: Request method 'GET' not supported]
2020-12-02 14:54:42.384  WARN 14972 --- [http-nio-8080-exec-6] .w.s.m.s.DefaultHandlerExceptionResolver : Resolved [org.springframework.web.HttpRequestMethodNotSupportedException: Request method 'GET' not supported]
2020-12-02 14:55:15.911  WARN 14972 --- [http-nio-8080-exec-7] .w.s.m.s.DefaultHandlerExceptionResolver : Resolved [org.springframework.http.converter.HttpMessageNotReadableException: JSON parse error: Unexpected character (''' (code 39)): expected a valid value (JSON String, Number, Array, Object or token 'null', 'true' or 'false'); nested exception is com.fasterxml.jackson.core.JsonParseException: Unexpected character (''' (code 39)): expected a valid value (JSON String, Number, Array, Object or token 'null', 'true' or 'false')
 at [Source: (PushbackInputStream); line: 2, column: 24]]
2020-12-02 14:55:22.373  WARN 14972 --- [http-nio-8080-exec-8] .w.s.m.s.DefaultHandlerExceptionResolver : Resolved [org.springframework.http.converter.HttpMessageNotReadableException: JSON parse error: Unrecognized token 'RUB': was expecting (JSON String, Number, Array, Object or token 'null', 'true' or 'false'); nested exception is com.fasterxml.jackson.core.JsonParseException: Unrecognized token 'RUB': was expecting (JSON String, Number, Array, Object or token 'null', 'true' or 'false')
 at [Source: (PushbackInputStream); line: 2, column: 27]]
2020-12-02 14:55:31.447  INFO 14972 --- [http-nio-8080-exec-10] e.k.C.controller.ExchangeController      : 
РљРѕРЅРІРµСЂС‚Р°С†РёСЏ РёР· RUB РІ EUR 
 РЎСѓРјРјР°: 2000 
РџРѕР»СЊР·РѕРІР°С‚РµР»СЊ: 1
2020-12-02 15:00:36.135  INFO 14972 --- [http-nio-8080-exec-10] e.k.C.controller.ExchangeController      : 
РљРѕРЅРІРµСЂС‚Р°С†РёСЏ РёР· RUB РІ EUR 
 РЎСѓРјРјР°: 1000 
РџРѕР»СЊР·РѕРІР°С‚РµР»СЊ: 2
2020-12-02 15:14:29.256  INFO 21592 --- [e.kozlova.CurrencyConverter.Application.main()] e.kozlova.CurrencyConverter.Application  : Starting Application using Java 11.0.7 on DESKTOP-NI26ENS with PID 21592 (C:\Users\пользователь\IdeaProjects\CurrencyConverter\target\classes started by пользователь in C:\Users\пользователь\IdeaProjects\CurrencyConverter)
2020-12-02 15:14:29.296  INFO 21592 --- [e.kozlova.CurrencyConverter.Application.main()] e.kozlova.CurrencyConverter.Application  : No active profile set, falling back to default profiles: default
2020-12-02 15:14:31.871  INFO 21592 --- [e.kozlova.CurrencyConverter.Application.main()] .s.d.r.c.RepositoryConfigurationDelegate : Bootstrapping Spring Data JPA repositories in DEFERRED mode.
2020-12-02 15:14:32.030  INFO 21592 --- [e.kozlova.CurrencyConverter.Application.main()] .s.d.r.c.RepositoryConfigurationDelegate : Finished Spring Data repository scanning in 130 ms. Found 2 JPA repository interfaces.
2020-12-02 15:14:33.987  INFO 21592 --- [e.kozlova.CurrencyConverter.Application.main()] o.s.b.w.embedded.tomcat.TomcatWebServer  : Tomcat initialized with port(s): 8080 (http)
2020-12-02 15:14:34.016  INFO 21592 --- [e.kozlova.CurrencyConverter.Application.main()] o.apache.catalina.core.StandardService   : Starting service [Tomcat]
2020-12-02 15:14:34.018  INFO 21592 --- [e.kozlova.CurrencyConverter.Application.main()] org.apache.catalina.core.StandardEngine  : Starting Servlet engine: [Apache Tomcat/9.0.39]
2020-12-02 15:14:34.188  INFO 21592 --- [e.kozlova.CurrencyConverter.Application.main()] o.a.c.c.C.[Tomcat].[localhost].[/]       : Initializing Spring embedded WebApplicationContext
2020-12-02 15:14:34.190  INFO 21592 --- [e.kozlova.CurrencyConverter.Application.main()] w.s.c.ServletWebServerApplicationContext : Root WebApplicationContext: initialization completed in 4775 ms
2020-12-02 15:14:34.324  INFO 21592 --- [e.kozlova.CurrencyConverter.Application.main()] com.zaxxer.hikari.HikariDataSource       : HikariPool-1 - Starting...
2020-12-02 15:14:34.803  INFO 21592 --- [e.kozlova.CurrencyConverter.Application.main()] com.zaxxer.hikari.HikariDataSource       : HikariPool-1 - Start completed.
2020-12-02 15:14:34.965  INFO 21592 --- [e.kozlova.CurrencyConverter.Application.main()] o.s.b.a.h2.H2ConsoleAutoConfiguration    : H2 console available at '/h2-console'. Database available at 'jdbc:h2:mem:exchangeDB'
2020-12-02 15:14:35.230  INFO 21592 --- [e.kozlova.CurrencyConverter.Application.main()] o.s.s.concurrent.ThreadPoolTaskExecutor  : Initializing ExecutorService 'applicationTaskExecutor'
2020-12-02 15:14:35.408  INFO 21592 --- [task-1] o.hibernate.jpa.internal.util.LogHelper  : HHH000204: Processing PersistenceUnitInfo [name: default]
2020-12-02 15:14:35.623  INFO 21592 --- [task-1] org.hibernate.Version                    : HHH000412: Hibernate ORM core version 5.4.23.Final
2020-12-02 15:14:36.444  INFO 21592 --- [task-1] o.hibernate.annotations.common.Version   : HCANN000001: Hibernate Commons Annotations {5.1.2.Final}
2020-12-02 15:14:36.828  INFO 21592 --- [task-1] org.hibernate.dialect.Dialect            : HHH000400: Using dialect: org.hibernate.dialect.H2Dialect
2020-12-02 15:14:39.084  INFO 21592 --- [task-1] o.h.e.t.j.p.i.JtaPlatformInitiator       : HHH000490: Using JtaPlatform implementation: [org.hibernate.engine.transaction.jta.platform.internal.NoJtaPlatform]
2020-12-02 15:14:39.113  INFO 21592 --- [task-1] j.LocalContainerEntityManagerFactoryBean : Initialized JPA EntityManagerFactory for persistence unit 'default'
2020-12-02 15:14:40.383  WARN 21592 --- [e.kozlova.CurrencyConverter.Application.main()] JpaBaseConfiguration$JpaWebConfiguration : spring.jpa.open-in-view is enabled by default. Therefore, database queries may be performed during view rendering. Explicitly configure spring.jpa.open-in-view to disable this warning
2020-12-02 15:14:41.909  WARN 21592 --- [e.kozlova.CurrencyConverter.Application.main()] ConfigServletWebServerApplicationContext : Exception encountered during context initialization - cancelling refresh attempt: org.springframework.context.ApplicationContextException: Failed to start bean 'webServerStartStop'; nested exception is org.springframework.boot.web.server.PortInUseException: Port 8080 is already in use
2020-12-02 15:14:41.934  INFO 21592 --- [e.kozlova.CurrencyConverter.Application.main()] j.LocalContainerEntityManagerFactoryBean : Closing JPA EntityManagerFactory for persistence unit 'default'
2020-12-02 15:14:41.950  INFO 21592 --- [e.kozlova.CurrencyConverter.Application.main()] o.s.s.concurrent.ThreadPoolTaskExecutor  : Shutting down ExecutorService 'applicationTaskExecutor'
2020-12-02 15:14:41.954  INFO 21592 --- [e.kozlova.CurrencyConverter.Application.main()] com.zaxxer.hikari.HikariDataSource       : HikariPool-1 - Shutdown initiated...
2020-12-02 15:14:41.968  INFO 21592 --- [e.kozlova.CurrencyConverter.Application.main()] com.zaxxer.hikari.HikariDataSource       : HikariPool-1 - Shutdown completed.
2020-12-02 15:14:41.980  INFO 21592 --- [e.kozlova.CurrencyConverter.Application.main()] o.apache.catalina.core.StandardService   : Stopping service [Tomcat]
2020-12-02 15:14:42.028  INFO 21592 --- [e.kozlova.CurrencyConverter.Application.main()] ConditionEvaluationReportLoggingListener : 

Error starting ApplicationContext. To display the conditions report re-run your application with 'debug' enabled.
2020-12-02 15:14:42.185 ERROR 21592 --- [e.kozlova.CurrencyConverter.Application.main()] o.s.b.d.LoggingFailureAnalysisReporter   : 

***************************
APPLICATION FAILED TO START
***************************

Description:

Web server failed to start. Port 8080 was already in use.

Action:

Identify and stop the process that's listening on port 8080 or configure this application to listen on another port.

2020-12-02 15:15:08.824  INFO 19824 --- [e.kozlova.CurrencyConverter.Application.main()] e.kozlova.CurrencyConverter.Application  : Starting Application using Java 11.0.7 on DESKTOP-NI26ENS with PID 19824 (C:\Users\пользователь\IdeaProjects\CurrencyConverter\target\classes started by пользователь in C:\Users\пользователь\IdeaProjects\CurrencyConverter)
2020-12-02 15:15:08.836  INFO 19824 --- [e.kozlova.CurrencyConverter.Application.main()] e.kozlova.CurrencyConverter.Application  : No active profile set, falling back to default profiles: default
2020-12-02 15:15:11.452  INFO 19824 --- [e.kozlova.CurrencyConverter.Application.main()] .s.d.r.c.RepositoryConfigurationDelegate : Bootstrapping Spring Data JPA repositories in DEFERRED mode.
2020-12-02 15:15:11.597  INFO 19824 --- [e.kozlova.CurrencyConverter.Application.main()] .s.d.r.c.RepositoryConfigurationDelegate : Finished Spring Data repository scanning in 120 ms. Found 2 JPA repository interfaces.
2020-12-02 15:15:13.717  INFO 19824 --- [e.kozlova.CurrencyConverter.Application.main()] o.s.b.w.embedded.tomcat.TomcatWebServer  : Tomcat initialized with port(s): 8080 (http)
2020-12-02 15:15:13.743  INFO 19824 --- [e.kozlova.CurrencyConverter.Application.main()] o.apache.catalina.core.StandardService   : Starting service [Tomcat]
2020-12-02 15:15:13.744  INFO 19824 --- [e.kozlova.CurrencyConverter.Application.main()] org.apache.catalina.core.StandardEngine  : Starting Servlet engine: [Apache Tomcat/9.0.39]
2020-12-02 15:15:13.923  INFO 19824 --- [e.kozlova.CurrencyConverter.Application.main()] o.a.c.c.C.[Tomcat].[localhost].[/]       : Initializing Spring embedded WebApplicationContext
2020-12-02 15:15:13.926  INFO 19824 --- [e.kozlova.CurrencyConverter.Application.main()] w.s.c.ServletWebServerApplicationContext : Root WebApplicationContext: initialization completed in 4952 ms
2020-12-02 15:15:14.063  INFO 19824 --- [e.kozlova.CurrencyConverter.Application.main()] com.zaxxer.hikari.HikariDataSource       : HikariPool-1 - Starting...
2020-12-02 15:15:14.557  INFO 19824 --- [e.kozlova.CurrencyConverter.Application.main()] com.zaxxer.hikari.HikariDataSource       : HikariPool-1 - Start completed.
2020-12-02 15:15:14.704  INFO 19824 --- [e.kozlova.CurrencyConverter.Application.main()] o.s.b.a.h2.H2ConsoleAutoConfiguration    : H2 console available at '/h2-console'. Database available at 'jdbc:h2:mem:exchangeDB'
2020-12-02 15:15:14.975  INFO 19824 --- [e.kozlova.CurrencyConverter.Application.main()] o.s.s.concurrent.ThreadPoolTaskExecutor  : Initializing ExecutorService 'applicationTaskExecutor'
2020-12-02 15:15:15.110  INFO 19824 --- [task-1] o.hibernate.jpa.internal.util.LogHelper  : HHH000204: Processing PersistenceUnitInfo [name: default]
2020-12-02 15:15:15.313  INFO 19824 --- [task-1] org.hibernate.Version                    : HHH000412: Hibernate ORM core version 5.4.23.Final
2020-12-02 15:15:15.658  INFO 19824 --- [task-1] o.hibernate.annotations.common.Version   : HCANN000001: Hibernate Commons Annotations {5.1.2.Final}
2020-12-02 15:15:15.956  INFO 19824 --- [task-1] org.hibernate.dialect.Dialect            : HHH000400: Using dialect: org.hibernate.dialect.H2Dialect
2020-12-02 15:15:17.311  INFO 19824 --- [task-1] o.h.e.t.j.p.i.JtaPlatformInitiator       : HHH000490: Using JtaPlatform implementation: [org.hibernate.engine.transaction.jta.platform.internal.NoJtaPlatform]
2020-12-02 15:15:17.332  INFO 19824 --- [task-1] j.LocalContainerEntityManagerFactoryBean : Initialized JPA EntityManagerFactory for persistence unit 'default'
2020-12-02 15:15:18.082  WARN 19824 --- [e.kozlova.CurrencyConverter.Application.main()] JpaBaseConfiguration$JpaWebConfiguration : spring.jpa.open-in-view is enabled by default. Therefore, database queries may be performed during view rendering. Explicitly configure spring.jpa.open-in-view to disable this warning
2020-12-02 15:15:19.126  WARN 19824 --- [e.kozlova.CurrencyConverter.Application.main()] ConfigServletWebServerApplicationContext : Exception encountered during context initialization - cancelling refresh attempt: org.springframework.context.ApplicationContextException: Failed to start bean 'webServerStartStop'; nested exception is org.springframework.boot.web.server.PortInUseException: Port 8080 is already in use
2020-12-02 15:15:19.139  INFO 19824 --- [e.kozlova.CurrencyConverter.Application.main()] j.LocalContainerEntityManagerFactoryBean : Closing JPA EntityManagerFactory for persistence unit 'default'
2020-12-02 15:15:19.146  INFO 19824 --- [e.kozlova.CurrencyConverter.Application.main()] o.s.s.concurrent.ThreadPoolTaskExecutor  : Shutting down ExecutorService 'applicationTaskExecutor'
2020-12-02 15:15:19.151  INFO 19824 --- [e.kozlova.CurrencyConverter.Application.main()] com.zaxxer.hikari.HikariDataSource       : HikariPool-1 - Shutdown initiated...
2020-12-02 15:15:19.164  INFO 19824 --- [e.kozlova.CurrencyConverter.Application.main()] com.zaxxer.hikari.HikariDataSource       : HikariPool-1 - Shutdown completed.
2020-12-02 15:15:19.172  INFO 19824 --- [e.kozlova.CurrencyConverter.Application.main()] o.apache.catalina.core.StandardService   : Stopping service [Tomcat]
2020-12-02 15:15:19.202  INFO 19824 --- [e.kozlova.CurrencyConverter.Application.main()] ConditionEvaluationReportLoggingListener : 

Error starting ApplicationContext. To display the conditions report re-run your application with 'debug' enabled.
2020-12-02 15:15:19.251 ERROR 19824 --- [e.kozlova.CurrencyConverter.Application.main()] o.s.b.d.LoggingFailureAnalysisReporter   : 

***************************
APPLICATION FAILED TO START
***************************

Description:

Web server failed to start. Port 8080 was already in use.

Action:

Identify and stop the process that's listening on port 8080 or configure this application to listen on another port.

2020-12-02 15:16:59.841  INFO 15452 --- [e.kozlova.CurrencyConverter.Application.main()] e.kozlova.CurrencyConverter.Application  : Starting Application using Java 11.0.7 on DESKTOP-NI26ENS with PID 15452 (C:\Users\пользователь\IdeaProjects\CurrencyConverter\target\classes started by пользователь in C:\Users\пользователь\IdeaProjects\CurrencyConverter)
2020-12-02 15:16:59.976  INFO 15452 --- [e.kozlova.CurrencyConverter.Application.main()] e.kozlova.CurrencyConverter.Application  : No active profile set, falling back to default profiles: default
2020-12-02 15:17:02.996  INFO 15452 --- [e.kozlova.CurrencyConverter.Application.main()] .s.d.r.c.RepositoryConfigurationDelegate : Bootstrapping Spring Data JPA repositories in DEFERRED mode.
2020-12-02 15:17:03.125  INFO 15452 --- [e.kozlova.CurrencyConverter.Application.main()] .s.d.r.c.RepositoryConfigurationDelegate : Finished Spring Data repository scanning in 100 ms. Found 2 JPA repository interfaces.
2020-12-02 15:17:05.334  INFO 15452 --- [e.kozlova.CurrencyConverter.Application.main()] o.s.b.w.embedded.tomcat.TomcatWebServer  : Tomcat initialized with port(s): 8080 (http)
2020-12-02 15:17:05.359  INFO 15452 --- [e.kozlova.CurrencyConverter.Application.main()] o.apache.catalina.core.StandardService   : Starting service [Tomcat]
2020-12-02 15:17:05.362  INFO 15452 --- [e.kozlova.CurrencyConverter.Application.main()] org.apache.catalina.core.StandardEngine  : Starting Servlet engine: [Apache Tomcat/9.0.39]
2020-12-02 15:17:05.528  INFO 15452 --- [e.kozlova.CurrencyConverter.Application.main()] o.a.c.c.C.[Tomcat].[localhost].[/]       : Initializing Spring embedded WebApplicationContext
2020-12-02 15:17:05.533  INFO 15452 --- [e.kozlova.CurrencyConverter.Application.main()] w.s.c.ServletWebServerApplicationContext : Root WebApplicationContext: initialization completed in 5170 ms
2020-12-02 15:17:05.674  INFO 15452 --- [e.kozlova.CurrencyConverter.Application.main()] com.zaxxer.hikari.HikariDataSource       : HikariPool-1 - Starting...
2020-12-02 15:17:06.199  INFO 15452 --- [e.kozlova.CurrencyConverter.Application.main()] com.zaxxer.hikari.HikariDataSource       : HikariPool-1 - Start completed.
2020-12-02 15:17:06.343  INFO 15452 --- [e.kozlova.CurrencyConverter.Application.main()] o.s.b.a.h2.H2ConsoleAutoConfiguration    : H2 console available at '/h2-console'. Database available at 'jdbc:h2:mem:exchangeDB'
2020-12-02 15:17:06.538  INFO 15452 --- [e.kozlova.CurrencyConverter.Application.main()] o.s.s.concurrent.ThreadPoolTaskExecutor  : Initializing ExecutorService 'applicationTaskExecutor'
2020-12-02 15:17:06.666  INFO 15452 --- [task-1] o.hibernate.jpa.internal.util.LogHelper  : HHH000204: Processing PersistenceUnitInfo [name: default]
2020-12-02 15:17:06.850  INFO 15452 --- [task-1] org.hibernate.Version                    : HHH000412: Hibernate ORM core version 5.4.23.Final
2020-12-02 15:17:07.300  INFO 15452 --- [task-1] o.hibernate.annotations.common.Version   : HCANN000001: Hibernate Commons Annotations {5.1.2.Final}
2020-12-02 15:17:07.623  INFO 15452 --- [task-1] org.hibernate.dialect.Dialect            : HHH000400: Using dialect: org.hibernate.dialect.H2Dialect
2020-12-02 15:17:08.937  INFO 15452 --- [task-1] o.h.e.t.j.p.i.JtaPlatformInitiator       : HHH000490: Using JtaPlatform implementation: [org.hibernate.engine.transaction.jta.platform.internal.NoJtaPlatform]
2020-12-02 15:17:08.955  INFO 15452 --- [task-1] j.LocalContainerEntityManagerFactoryBean : Initialized JPA EntityManagerFactory for persistence unit 'default'
2020-12-02 15:17:09.627  WARN 15452 --- [e.kozlova.CurrencyConverter.Application.main()] JpaBaseConfiguration$JpaWebConfiguration : spring.jpa.open-in-view is enabled by default. Therefore, database queries may be performed during view rendering. Explicitly configure spring.jpa.open-in-view to disable this warning
2020-12-02 15:17:10.619  WARN 15452 --- [e.kozlova.CurrencyConverter.Application.main()] ConfigServletWebServerApplicationContext : Exception encountered during context initialization - cancelling refresh attempt: org.springframework.context.ApplicationContextException: Failed to start bean 'webServerStartStop'; nested exception is org.springframework.boot.web.server.PortInUseException: Port 8080 is already in use
2020-12-02 15:17:10.633  INFO 15452 --- [e.kozlova.CurrencyConverter.Application.main()] j.LocalContainerEntityManagerFactoryBean : Closing JPA EntityManagerFactory for persistence unit 'default'
2020-12-02 15:17:10.641  INFO 15452 --- [e.kozlova.CurrencyConverter.Application.main()] o.s.s.concurrent.ThreadPoolTaskExecutor  : Shutting down ExecutorService 'applicationTaskExecutor'
2020-12-02 15:17:10.646  INFO 15452 --- [e.kozlova.CurrencyConverter.Application.main()] com.zaxxer.hikari.HikariDataSource       : HikariPool-1 - Shutdown initiated...
2020-12-02 15:17:10.660  INFO 15452 --- [e.kozlova.CurrencyConverter.Application.main()] com.zaxxer.hikari.HikariDataSource       : HikariPool-1 - Shutdown completed.
2020-12-02 15:17:10.669  INFO 15452 --- [e.kozlova.CurrencyConverter.Application.main()] o.apache.catalina.core.StandardService   : Stopping service [Tomcat]
2020-12-02 15:17:10.704  INFO 15452 --- [e.kozlova.CurrencyConverter.Application.main()] ConditionEvaluationReportLoggingListener : 

Error starting ApplicationContext. To display the conditions report re-run your application with 'debug' enabled.
2020-12-02 15:17:10.747 ERROR 15452 --- [e.kozlova.CurrencyConverter.Application.main()] o.s.b.d.LoggingFailureAnalysisReporter   : 

***************************
APPLICATION FAILED TO START
***************************

Description:

Web server failed to start. Port 8080 was already in use.

Action:

Identify and stop the process that's listening on port 8080 or configure this application to listen on another port.

2020-12-02 15:21:54.429  INFO 13956 --- [e.kozlova.CurrencyConverter.Application.main()] e.kozlova.CurrencyConverter.Application  : Starting Application using Java 11.0.7 on DESKTOP-NI26ENS with PID 13956 (C:\Users\пользователь\IdeaProjects\CurrencyConverter\target\classes started by пользователь in C:\Users\пользователь\IdeaProjects\CurrencyConverter)
2020-12-02 15:21:54.676  INFO 13956 --- [e.kozlova.CurrencyConverter.Application.main()] e.kozlova.CurrencyConverter.Application  : No active profile set, falling back to default profiles: default
2020-12-02 15:21:57.855  INFO 13956 --- [e.kozlova.CurrencyConverter.Application.main()] .s.d.r.c.RepositoryConfigurationDelegate : Bootstrapping Spring Data JPA repositories in DEFERRED mode.
2020-12-02 15:21:58.010  INFO 13956 --- [e.kozlova.CurrencyConverter.Application.main()] .s.d.r.c.RepositoryConfigurationDelegate : Finished Spring Data repository scanning in 129 ms. Found 2 JPA repository interfaces.
2020-12-02 15:22:01.471  INFO 13956 --- [e.kozlova.CurrencyConverter.Application.main()] o.s.b.w.embedded.tomcat.TomcatWebServer  : Tomcat initialized with port(s): 8080 (http)
2020-12-02 15:22:01.502  INFO 13956 --- [e.kozlova.CurrencyConverter.Application.main()] o.apache.catalina.core.StandardService   : Starting service [Tomcat]
2020-12-02 15:22:01.504  INFO 13956 --- [e.kozlova.CurrencyConverter.Application.main()] org.apache.catalina.core.StandardEngine  : Starting Servlet engine: [Apache Tomcat/9.0.39]
2020-12-02 15:22:01.688  INFO 13956 --- [e.kozlova.CurrencyConverter.Application.main()] o.a.c.c.C.[Tomcat].[localhost].[/]       : Initializing Spring embedded WebApplicationContext
2020-12-02 15:22:01.691  INFO 13956 --- [e.kozlova.CurrencyConverter.Application.main()] w.s.c.ServletWebServerApplicationContext : Root WebApplicationContext: initialization completed in 6719 ms
2020-12-02 15:22:01.832  INFO 13956 --- [e.kozlova.CurrencyConverter.Application.main()] com.zaxxer.hikari.HikariDataSource       : HikariPool-1 - Starting...
2020-12-02 15:22:02.398  INFO 13956 --- [e.kozlova.CurrencyConverter.Application.main()] com.zaxxer.hikari.HikariDataSource       : HikariPool-1 - Start completed.
2020-12-02 15:22:02.541  INFO 13956 --- [e.kozlova.CurrencyConverter.Application.main()] o.s.b.a.h2.H2ConsoleAutoConfiguration    : H2 console available at '/h2-console'. Database available at 'jdbc:h2:mem:exchangeDB'
2020-12-02 15:22:02.957  INFO 13956 --- [e.kozlova.CurrencyConverter.Application.main()] o.s.s.concurrent.ThreadPoolTaskExecutor  : Initializing ExecutorService 'applicationTaskExecutor'
2020-12-02 15:22:03.395  INFO 13956 --- [task-1] o.hibernate.jpa.internal.util.LogHelper  : HHH000204: Processing PersistenceUnitInfo [name: default]
2020-12-02 15:22:03.638  INFO 13956 --- [task-1] org.hibernate.Version                    : HHH000412: Hibernate ORM core version 5.4.23.Final
2020-12-02 15:22:04.137  INFO 13956 --- [task-1] o.hibernate.annotations.common.Version   : HCANN000001: Hibernate Commons Annotations {5.1.2.Final}
2020-12-02 15:22:04.484  INFO 13956 --- [task-1] org.hibernate.dialect.Dialect            : HHH000400: Using dialect: org.hibernate.dialect.H2Dialect
2020-12-02 15:22:06.554  INFO 13956 --- [task-1] o.h.e.t.j.p.i.JtaPlatformInitiator       : HHH000490: Using JtaPlatform implementation: [org.hibernate.engine.transaction.jta.platform.internal.NoJtaPlatform]
2020-12-02 15:22:06.598  INFO 13956 --- [task-1] j.LocalContainerEntityManagerFactoryBean : Initialized JPA EntityManagerFactory for persistence unit 'default'
2020-12-02 15:22:07.436  WARN 13956 --- [e.kozlova.CurrencyConverter.Application.main()] JpaBaseConfiguration$JpaWebConfiguration : spring.jpa.open-in-view is enabled by default. Therefore, database queries may be performed during view rendering. Explicitly configure spring.jpa.open-in-view to disable this warning
2020-12-02 15:22:09.358  INFO 13956 --- [e.kozlova.CurrencyConverter.Application.main()] o.s.b.w.embedded.tomcat.TomcatWebServer  : Tomcat started on port(s): 8080 (http) with context path ''
2020-12-02 15:22:10.472  INFO 13956 --- [e.kozlova.CurrencyConverter.Application.main()] DeferredRepositoryInitializationListener : Triggering deferred initialization of Spring Data repositories…
2020-12-02 15:22:11.475  INFO 13956 --- [e.kozlova.CurrencyConverter.Application.main()] DeferredRepositoryInitializationListener : Spring Data repositories initialized!
2020-12-02 15:22:11.519  INFO 13956 --- [e.kozlova.CurrencyConverter.Application.main()] e.kozlova.CurrencyConverter.Application  : Started Application in 19.781 seconds (JVM running for 28.372)
2020-12-02 15:22:58.451  INFO 13956 --- [http-nio-8080-exec-1] o.a.c.c.C.[Tomcat].[localhost].[/]       : Initializing Spring DispatcherServlet 'dispatcherServlet'
2020-12-02 15:22:58.454  INFO 13956 --- [http-nio-8080-exec-1] o.s.web.servlet.DispatcherServlet        : Initializing Servlet 'dispatcherServlet'
2020-12-02 15:22:58.460  INFO 13956 --- [http-nio-8080-exec-1] o.s.web.servlet.DispatcherServlet        : Completed initialization in 3 ms
